{"D:\\ContactCRUD\\src\\constants\\constants.js": {"path":"D:\\ContactCRUD\\src\\constants\\constants.js","statementMap":{"0":{"start":{"line":1,"column":0},"end":{"line":5,"column":2}}},"fnMap":{},"branchMap":{},"s":{"0":1},"f":{},"b":{},"inputSourceMap":null,"_coverageSchema":"1a1c01bbd47fc00a2c39e90264f33305004495a9","hash":"cb47c67124083e6a6fb8658c32fe7089697e1719"}
,"D:\\ContactCRUD\\src\\controller\\contactController.js": {"path":"D:\\ContactCRUD\\src\\controller\\contactController.js","statementMap":{"0":{"start":{"line":1,"column":21},"end":{"line":1,"column":53}},"1":{"start":{"line":3,"column":16},"end":{"line":3,"column":48}},"2":{"start":{"line":5,"column":21},"end":{"line":5,"column":62}},"3":{"start":{"line":14,"column":4},"end":{"line":14,"column":45}},"4":{"start":{"line":17,"column":22},"end":{"line":34,"column":2}},"5":{"start":{"line":18,"column":2},"end":{"line":18,"column":51}},"6":{"start":{"line":20,"column":2},"end":{"line":20,"column":40}},"7":{"start":{"line":21,"column":13},"end":{"line":21,"column":37}},"8":{"start":{"line":24,"column":2},"end":{"line":24,"column":37}},"9":{"start":{"line":26,"column":21},"end":{"line":31,"column":4}},"10":{"start":{"line":33,"column":2},"end":{"line":33,"column":42}},"11":{"start":{"line":37,"column":20},"end":{"line":48,"column":2}},"12":{"start":{"line":38,"column":2},"end":{"line":38,"column":76}},"13":{"start":{"line":40,"column":19},"end":{"line":40,"column":39}},"14":{"start":{"line":42,"column":2},"end":{"line":42,"column":47}},"15":{"start":{"line":44,"column":2},"end":{"line":47,"column":5}},"16":{"start":{"line":51,"column":23},"end":{"line":61,"column":2}},"17":{"start":{"line":52,"column":13},"end":{"line":52,"column":26}},"18":{"start":{"line":53,"column":2},"end":{"line":53,"column":63}},"19":{"start":{"line":55,"column":2},"end":{"line":55,"column":22}},"20":{"start":{"line":57,"column":18},"end":{"line":57,"column":44}},"21":{"start":{"line":58,"column":2},"end":{"line":58,"column":41}},"22":{"start":{"line":60,"column":2},"end":{"line":60,"column":39}},"23":{"start":{"line":64,"column":26},"end":{"line":88,"column":2}},"24":{"start":{"line":65,"column":13},"end":{"line":65,"column":26}},"25":{"start":{"line":66,"column":2},"end":{"line":66,"column":63}},"26":{"start":{"line":68,"column":2},"end":{"line":68,"column":22}},"27":{"start":{"line":69,"column":2},"end":{"line":69,"column":40}},"28":{"start":{"line":70,"column":2},"end":{"line":70,"column":45}},"29":{"start":{"line":73,"column":2},"end":{"line":73,"column":43}},"30":{"start":{"line":74,"column":23},"end":{"line":76,"column":3}},"31":{"start":{"line":78,"column":25},"end":{"line":82,"column":3}},"32":{"start":{"line":84,"column":2},"end":{"line":87,"column":5}},"33":{"start":{"line":91,"column":26},"end":{"line":106,"column":2}},"34":{"start":{"line":92,"column":13},"end":{"line":92,"column":26}},"35":{"start":{"line":93,"column":2},"end":{"line":93,"column":66}},"36":{"start":{"line":95,"column":2},"end":{"line":95,"column":22}},"37":{"start":{"line":97,"column":2},"end":{"line":97,"column":45}},"38":{"start":{"line":99,"column":20},"end":{"line":99,"column":56}},"39":{"start":{"line":101,"column":2},"end":{"line":105,"column":3}},"40":{"start":{"line":102,"column":4},"end":{"line":104,"column":7}},"41":{"start":{"line":108,"column":0},"end":{"line":114,"column":2}}},"fnMap":{"0":{"name":"(anonymous_0)","decl":{"start":{"line":17,"column":35},"end":{"line":17,"column":36}},"loc":{"start":{"line":17,"column":55},"end":{"line":34,"column":1}},"line":17},"1":{"name":"(anonymous_1)","decl":{"start":{"line":37,"column":33},"end":{"line":37,"column":34}},"loc":{"start":{"line":37,"column":53},"end":{"line":48,"column":1}},"line":37},"2":{"name":"(anonymous_2)","decl":{"start":{"line":51,"column":36},"end":{"line":51,"column":37}},"loc":{"start":{"line":51,"column":62},"end":{"line":61,"column":1}},"line":51},"3":{"name":"(anonymous_3)","decl":{"start":{"line":64,"column":39},"end":{"line":64,"column":40}},"loc":{"start":{"line":64,"column":59},"end":{"line":88,"column":1}},"line":64},"4":{"name":"(anonymous_4)","decl":{"start":{"line":91,"column":39},"end":{"line":91,"column":40}},"loc":{"start":{"line":91,"column":59},"end":{"line":106,"column":1}},"line":91}},"branchMap":{"0":{"loc":{"start":{"line":101,"column":2},"end":{"line":105,"column":3}},"type":"if","locations":[{"start":{"line":101,"column":2},"end":{"line":105,"column":3}},{"start":{},"end":{}}],"line":101},"1":{"loc":{"start":{"line":101,"column":6},"end":{"line":101,"column":69}},"type":"binary-expr","locations":[{"start":{"line":101,"column":6},"end":{"line":101,"column":37}},{"start":{"line":101,"column":41},"end":{"line":101,"column":69}}],"line":101}},"s":{"0":2,"1":2,"2":2,"3":2,"4":2,"5":4,"6":4,"7":3,"8":3,"9":2,"10":2,"11":2,"12":3,"13":3,"14":3,"15":2,"16":2,"17":4,"18":4,"19":4,"20":3,"21":3,"22":2,"23":2,"24":5,"25":5,"26":5,"27":4,"28":3,"29":2,"30":2,"31":2,"32":2,"33":2,"34":4,"35":4,"36":4,"37":3,"38":2,"39":2,"40":2,"41":2},"f":{"0":4,"1":3,"2":4,"3":5,"4":4},"b":{"0":[2,0],"1":[2,2]},"inputSourceMap":null,"_coverageSchema":"1a1c01bbd47fc00a2c39e90264f33305004495a9","hash":"cbf95374232b29371b89056b0adf3e74e5ce7832"}
,"D:\\ContactCRUD\\src\\middleware\\checkRootRequest.js": {"path":"D:\\ContactCRUD\\src\\middleware\\checkRootRequest.js","statementMap":{"0":{"start":{"line":1,"column":26},"end":{"line":9,"column":1}},"1":{"start":{"line":2,"column":2},"end":{"line":6,"column":3}},"2":{"start":{"line":3,"column":4},"end":{"line":5,"column":7}},"3":{"start":{"line":8,"column":2},"end":{"line":8,"column":9}},"4":{"start":{"line":11,"column":0},"end":{"line":11,"column":35}}},"fnMap":{"0":{"name":"(anonymous_0)","decl":{"start":{"line":1,"column":26},"end":{"line":1,"column":27}},"loc":{"start":{"line":1,"column":46},"end":{"line":9,"column":1}},"line":1}},"branchMap":{"0":{"loc":{"start":{"line":2,"column":2},"end":{"line":6,"column":3}},"type":"if","locations":[{"start":{"line":2,"column":2},"end":{"line":6,"column":3}},{"start":{},"end":{}}],"line":2}},"s":{"0":1,"1":5,"2":0,"3":5,"4":1},"f":{"0":5},"b":{"0":[0,5]},"inputSourceMap":null,"_coverageSchema":"1a1c01bbd47fc00a2c39e90264f33305004495a9","hash":"c0d5b39809dba856aaeeb71b0eaa269d365947cd"}
,"D:\\ContactCRUD\\src\\middleware\\errorHandler.js": {"path":"D:\\ContactCRUD\\src\\middleware\\errorHandler.js","statementMap":{"0":{"start":{"line":1,"column":22},"end":{"line":1,"column":55}},"1":{"start":{"line":2,"column":21},"end":{"line":20,"column":1}},"2":{"start":{"line":3,"column":21},"end":{"line":3,"column":58}},"3":{"start":{"line":4,"column":2},"end":{"line":19,"column":3}},"4":{"start":{"line":6,"column":6},"end":{"line":9,"column":9}},"5":{"start":{"line":10,"column":6},"end":{"line":10,"column":13}},"6":{"start":{"line":12,"column":6},"end":{"line":15,"column":9}},"7":{"start":{"line":16,"column":6},"end":{"line":16,"column":13}},"8":{"start":{"line":18,"column":6},"end":{"line":18,"column":13}},"9":{"start":{"line":22,"column":0},"end":{"line":22,"column":30}}},"fnMap":{"0":{"name":"(anonymous_0)","decl":{"start":{"line":2,"column":21},"end":{"line":2,"column":22}},"loc":{"start":{"line":2,"column":46},"end":{"line":20,"column":1}},"line":2}},"branchMap":{"0":{"loc":{"start":{"line":3,"column":21},"end":{"line":3,"column":58}},"type":"cond-expr","locations":[{"start":{"line":3,"column":38},"end":{"line":3,"column":52}},{"start":{"line":3,"column":55},"end":{"line":3,"column":58}}],"line":3},"1":{"loc":{"start":{"line":4,"column":2},"end":{"line":19,"column":3}},"type":"switch","locations":[{"start":{"line":5,"column":4},"end":{"line":10,"column":13}},{"start":{"line":11,"column":4},"end":{"line":16,"column":13}},{"start":{"line":17,"column":4},"end":{"line":18,"column":13}}],"line":4}},"s":{"0":1,"1":1,"2":10,"3":10,"4":6,"5":6,"6":4,"7":4,"8":0,"9":1},"f":{"0":10},"b":{"0":[10,0],"1":[6,4,0]},"inputSourceMap":null,"_coverageSchema":"1a1c01bbd47fc00a2c39e90264f33305004495a9","hash":"9096cf7e6e50754f5ff8dd30a1fa39893b04b22e"}
,"D:\\ContactCRUD\\src\\model\\contactModel.js": {"path":"D:\\ContactCRUD\\src\\model\\contactModel.js","statementMap":{"0":{"start":{"line":1,"column":17},"end":{"line":1,"column":36}},"1":{"start":{"line":3,"column":22},"end":{"line":24,"column":1}},"2":{"start":{"line":25,"column":0},"end":{"line":25,"column":58}}},"fnMap":{},"branchMap":{},"s":{"0":3,"1":3,"2":3},"f":{},"b":{},"inputSourceMap":null,"_coverageSchema":"1a1c01bbd47fc00a2c39e90264f33305004495a9","hash":"067c0554fd35ac3a987e319d5fbb2b85f993b95e"}
,"D:\\ContactCRUD\\src\\route\\contactRoutes.js": {"path":"D:\\ContactCRUD\\src\\route\\contactRoutes.js","statementMap":{"0":{"start":{"line":1,"column":16},"end":{"line":1,"column":34}},"1":{"start":{"line":2,"column":15},"end":{"line":2,"column":31}},"2":{"start":{"line":3,"column":26},"end":{"line":3,"column":68}},"3":{"start":{"line":4,"column":25},"end":{"line":4,"column":66}},"4":{"start":{"line":6,"column":0},"end":{"line":6,"column":29}},"5":{"start":{"line":9,"column":0},"end":{"line":12,"column":41}},"6":{"start":{"line":15,"column":0},"end":{"line":19,"column":47}},"7":{"start":{"line":21,"column":0},"end":{"line":21,"column":24}}},"fnMap":{},"branchMap":{},"s":{"0":1,"1":1,"2":1,"3":1,"4":1,"5":1,"6":1,"7":1},"f":{},"b":{},"inputSourceMap":null,"_coverageSchema":"1a1c01bbd47fc00a2c39e90264f33305004495a9","hash":"3b5eb3f7d0eeebef7be44a314d8dc0b0aa5e6436"}
,"D:\\ContactCRUD\\src\\utilities\\randomNumGenerate.js": {"path":"D:\\ContactCRUD\\src\\utilities\\randomNumGenerate.js","statementMap":{"0":{"start":{"line":1,"column":15},"end":{"line":1,"column":32}},"1":{"start":{"line":4,"column":22},"end":{"line":4,"column":43}},"2":{"start":{"line":5,"column":22},"end":{"line":5,"column":49}},"3":{"start":{"line":6,"column":2},"end":{"line":6,"column":72}},"4":{"start":{"line":9,"column":0},"end":{"line":9,"column":30}}},"fnMap":{"0":{"name":"getRandomInt","decl":{"start":{"line":3,"column":9},"end":{"line":3,"column":21}},"loc":{"start":{"line":3,"column":32},"end":{"line":7,"column":1}},"line":3}},"branchMap":{},"s":{"0":2,"1":3,"2":3,"3":3,"4":2},"f":{"0":3},"b":{},"inputSourceMap":null,"_coverageSchema":"1a1c01bbd47fc00a2c39e90264f33305004495a9","hash":"e245ee529a280553e0d0e50b14e230b9cb6223af"}
,"D:\\ContactCRUD\\src\\validator\\contactValidation.js": {"path":"D:\\ContactCRUD\\src\\validator\\contactValidation.js","statementMap":{"0":{"start":{"line":1,"column":16},"end":{"line":1,"column":48}},"1":{"start":{"line":2,"column":18},"end":{"line":2,"column":38}},"2":{"start":{"line":5,"column":2},"end":{"line":8,"column":3}},"3":{"start":{"line":6,"column":4},"end":{"line":6,"column":20}},"4":{"start":{"line":7,"column":4},"end":{"line":7,"column":36}},"5":{"start":{"line":12,"column":2},"end":{"line":15,"column":3}},"6":{"start":{"line":13,"column":4},"end":{"line":13,"column":20}},"7":{"start":{"line":14,"column":4},"end":{"line":14,"column":41}},"8":{"start":{"line":19,"column":2},"end":{"line":22,"column":3}},"9":{"start":{"line":20,"column":4},"end":{"line":20,"column":20}},"10":{"start":{"line":21,"column":4},"end":{"line":21,"column":53}},"11":{"start":{"line":26,"column":2},"end":{"line":29,"column":3}},"12":{"start":{"line":27,"column":4},"end":{"line":27,"column":20}},"13":{"start":{"line":28,"column":4},"end":{"line":28,"column":60}},"14":{"start":{"line":33,"column":2},"end":{"line":36,"column":3}},"15":{"start":{"line":34,"column":4},"end":{"line":34,"column":20}},"16":{"start":{"line":35,"column":4},"end":{"line":35,"column":54}},"17":{"start":{"line":40,"column":17},"end":{"line":40,"column":19}},"18":{"start":{"line":42,"column":33},"end":{"line":42,"column":37}},"19":{"start":{"line":43,"column":2},"end":{"line":55,"column":3}},"20":{"start":{"line":44,"column":4},"end":{"line":54,"column":5}},"21":{"start":{"line":45,"column":6},"end":{"line":45,"column":38}},"22":{"start":{"line":47,"column":24},"end":{"line":47,"column":39}},"23":{"start":{"line":49,"column":6},"end":{"line":53,"column":7}},"24":{"start":{"line":50,"column":8},"end":{"line":52,"column":9}},"25":{"start":{"line":51,"column":10},"end":{"line":51,"column":43}},"26":{"start":{"line":56,"column":2},"end":{"line":62,"column":3}},"27":{"start":{"line":57,"column":4},"end":{"line":61,"column":5}},"28":{"start":{"line":58,"column":6},"end":{"line":58,"column":40}},"29":{"start":{"line":59,"column":11},"end":{"line":61,"column":5}},"30":{"start":{"line":60,"column":6},"end":{"line":60,"column":40}},"31":{"start":{"line":64,"column":2},"end":{"line":70,"column":3}},"32":{"start":{"line":65,"column":4},"end":{"line":69,"column":5}},"33":{"start":{"line":66,"column":6},"end":{"line":66,"column":46}},"34":{"start":{"line":67,"column":11},"end":{"line":69,"column":5}},"35":{"start":{"line":68,"column":6},"end":{"line":68,"column":40}},"36":{"start":{"line":72,"column":2},"end":{"line":76,"column":3}},"37":{"start":{"line":73,"column":25},"end":{"line":73,"column":42}},"38":{"start":{"line":74,"column":4},"end":{"line":74,"column":20}},"39":{"start":{"line":75,"column":4},"end":{"line":75,"column":34}},"40":{"start":{"line":79,"column":0},"end":{"line":86,"column":2}}},"fnMap":{"0":{"name":"validateId","decl":{"start":{"line":4,"column":9},"end":{"line":4,"column":19}},"loc":{"start":{"line":4,"column":29},"end":{"line":9,"column":1}},"line":4},"1":{"name":"validateContactExistence","decl":{"start":{"line":11,"column":9},"end":{"line":11,"column":33}},"loc":{"start":{"line":11,"column":48},"end":{"line":16,"column":1}},"line":11},"2":{"name":"validateRequestBodyNotEmpty","decl":{"start":{"line":18,"column":9},"end":{"line":18,"column":36}},"loc":{"start":{"line":18,"column":47},"end":{"line":23,"column":1}},"line":18},"3":{"name":"validateContactWithIdExists","decl":{"start":{"line":25,"column":15},"end":{"line":25,"column":42}},"loc":{"start":{"line":25,"column":52},"end":{"line":30,"column":1}},"line":25},"4":{"name":"validateNoContactsFound","decl":{"start":{"line":32,"column":15},"end":{"line":32,"column":38}},"loc":{"start":{"line":32,"column":54},"end":{"line":37,"column":1}},"line":32},"5":{"name":"validateContactData","decl":{"start":{"line":39,"column":9},"end":{"line":39,"column":28}},"loc":{"start":{"line":39,"column":57},"end":{"line":77,"column":1}},"line":39}},"branchMap":{"0":{"loc":{"start":{"line":5,"column":2},"end":{"line":8,"column":3}},"type":"if","locations":[{"start":{"line":5,"column":2},"end":{"line":8,"column":3}},{"start":{},"end":{}}],"line":5},"1":{"loc":{"start":{"line":5,"column":6},"end":{"line":5,"column":22}},"type":"binary-expr","locations":[{"start":{"line":5,"column":6},"end":{"line":5,"column":9}},{"start":{"line":5,"column":13},"end":{"line":5,"column":22}}],"line":5},"2":{"loc":{"start":{"line":12,"column":2},"end":{"line":15,"column":3}},"type":"if","locations":[{"start":{"line":12,"column":2},"end":{"line":15,"column":3}},{"start":{},"end":{}}],"line":12},"3":{"loc":{"start":{"line":19,"column":2},"end":{"line":22,"column":3}},"type":"if","locations":[{"start":{"line":19,"column":2},"end":{"line":22,"column":3}},{"start":{},"end":{}}],"line":19},"4":{"loc":{"start":{"line":26,"column":2},"end":{"line":29,"column":3}},"type":"if","locations":[{"start":{"line":26,"column":2},"end":{"line":29,"column":3}},{"start":{},"end":{}}],"line":26},"5":{"loc":{"start":{"line":33,"column":2},"end":{"line":36,"column":3}},"type":"if","locations":[{"start":{"line":33,"column":2},"end":{"line":36,"column":3}},{"start":{},"end":{}}],"line":33},"6":{"loc":{"start":{"line":39,"column":40},"end":{"line":39,"column":55}},"type":"default-arg","locations":[{"start":{"line":39,"column":50},"end":{"line":39,"column":55}}],"line":39},"7":{"loc":{"start":{"line":43,"column":2},"end":{"line":55,"column":3}},"type":"if","locations":[{"start":{"line":43,"column":2},"end":{"line":55,"column":3}},{"start":{},"end":{}}],"line":43},"8":{"loc":{"start":{"line":43,"column":6},"end":{"line":43,"column":35}},"type":"binary-expr","locations":[{"start":{"line":43,"column":6},"end":{"line":43,"column":14}},{"start":{"line":43,"column":19},"end":{"line":43,"column":26}},{"start":{"line":43,"column":30},"end":{"line":43,"column":34}}],"line":43},"9":{"loc":{"start":{"line":44,"column":4},"end":{"line":54,"column":5}},"type":"if","locations":[{"start":{"line":44,"column":4},"end":{"line":54,"column":5}},{"start":{"line":46,"column":11},"end":{"line":54,"column":5}}],"line":44},"10":{"loc":{"start":{"line":50,"column":8},"end":{"line":52,"column":9}},"type":"if","locations":[{"start":{"line":50,"column":8},"end":{"line":52,"column":9}},{"start":{},"end":{}}],"line":50},"11":{"loc":{"start":{"line":56,"column":2},"end":{"line":62,"column":3}},"type":"if","locations":[{"start":{"line":56,"column":2},"end":{"line":62,"column":3}},{"start":{},"end":{}}],"line":56},"12":{"loc":{"start":{"line":56,"column":6},"end":{"line":56,"column":36}},"type":"binary-expr","locations":[{"start":{"line":56,"column":6},"end":{"line":56,"column":14}},{"start":{"line":56,"column":19},"end":{"line":56,"column":26}},{"start":{"line":56,"column":30},"end":{"line":56,"column":35}}],"line":56},"13":{"loc":{"start":{"line":57,"column":4},"end":{"line":61,"column":5}},"type":"if","locations":[{"start":{"line":57,"column":4},"end":{"line":61,"column":5}},{"start":{"line":59,"column":11},"end":{"line":61,"column":5}}],"line":57},"14":{"loc":{"start":{"line":59,"column":11},"end":{"line":61,"column":5}},"type":"if","locations":[{"start":{"line":59,"column":11},"end":{"line":61,"column":5}},{"start":{},"end":{}}],"line":59},"15":{"loc":{"start":{"line":64,"column":2},"end":{"line":70,"column":3}},"type":"if","locations":[{"start":{"line":64,"column":2},"end":{"line":70,"column":3}},{"start":{},"end":{}}],"line":64},"16":{"loc":{"start":{"line":64,"column":6},"end":{"line":64,"column":36}},"type":"binary-expr","locations":[{"start":{"line":64,"column":6},"end":{"line":64,"column":14}},{"start":{"line":64,"column":19},"end":{"line":64,"column":26}},{"start":{"line":64,"column":30},"end":{"line":64,"column":35}}],"line":64},"17":{"loc":{"start":{"line":65,"column":4},"end":{"line":69,"column":5}},"type":"if","locations":[{"start":{"line":65,"column":4},"end":{"line":69,"column":5}},{"start":{"line":67,"column":11},"end":{"line":69,"column":5}}],"line":65},"18":{"loc":{"start":{"line":67,"column":11},"end":{"line":69,"column":5}},"type":"if","locations":[{"start":{"line":67,"column":11},"end":{"line":69,"column":5}},{"start":{},"end":{}}],"line":67},"19":{"loc":{"start":{"line":72,"column":2},"end":{"line":76,"column":3}},"type":"if","locations":[{"start":{"line":72,"column":2},"end":{"line":76,"column":3}},{"start":{},"end":{}}],"line":72}},"s":{"0":2,"1":2,"2":13,"3":3,"4":3,"5":3,"6":1,"7":1,"8":8,"9":2,"10":2,"11":6,"12":2,"13":2,"14":3,"15":1,"16":1,"17":5,"18":5,"19":5,"20":3,"21":1,"22":2,"23":2,"24":4,"25":0,"26":5,"27":5,"28":0,"29":5,"30":1,"31":5,"32":5,"33":0,"34":5,"35":0,"36":5,"37":1,"38":1,"39":1,"40":2},"f":{"0":13,"1":3,"2":8,"3":6,"4":3,"5":5},"b":{"0":[3,10],"1":[13,13],"2":[1,2],"3":[2,6],"4":[2,4],"5":[1,2],"6":[3],"7":[3,2],"8":[5,2,2],"9":[1,2],"10":[0,4],"11":[5,0],"12":[5,2,2],"13":[0,5],"14":[1,4],"15":[5,0],"16":[5,2,2],"17":[0,5],"18":[0,5],"19":[1,4]},"inputSourceMap":null,"_coverageSchema":"1a1c01bbd47fc00a2c39e90264f33305004495a9","hash":"3e483929e1081684f3c5868e01f455eb2d3e0b67"}
}
