TN:
SF:src\constants\constants.js
FNF:0
FNH:0
DA:1,1
LF:1
LH:1
BRF:0
BRH:0
end_of_record
TN:
SF:src\controller\contactController.js
FN:17,(anonymous_0)
FN:37,(anonymous_1)
FN:51,(anonymous_2)
FN:64,(anonymous_3)
FN:91,(anonymous_4)
FNF:5
FNH:5
FNDA:4,(anonymous_0)
FNDA:3,(anonymous_1)
FNDA:4,(anonymous_2)
FNDA:5,(anonymous_3)
FNDA:4,(anonymous_4)
DA:1,2
DA:3,2
DA:5,2
DA:14,2
DA:17,2
DA:18,4
DA:20,4
DA:21,3
DA:24,3
DA:26,2
DA:33,2
DA:37,2
DA:38,3
DA:40,3
DA:42,3
DA:44,2
DA:51,2
DA:52,4
DA:53,4
DA:55,4
DA:57,3
DA:58,3
DA:60,2
DA:64,2
DA:65,5
DA:66,5
DA:68,5
DA:69,4
DA:70,3
DA:73,2
DA:74,2
DA:78,2
DA:84,2
DA:91,2
DA:92,4
DA:93,4
DA:95,4
DA:97,3
DA:99,2
DA:101,2
DA:102,2
DA:108,2
LF:42
LH:42
BRDA:101,0,0,2
BRDA:101,0,1,0
BRDA:101,1,0,2
BRDA:101,1,1,2
BRF:4
BRH:3
end_of_record
TN:
SF:src\middleware\checkRootRequest.js
FN:1,(anonymous_0)
FNF:1
FNH:1
FNDA:5,(anonymous_0)
DA:1,1
DA:2,5
DA:3,0
DA:8,5
DA:11,1
LF:5
LH:4
BRDA:2,0,0,0
BRDA:2,0,1,5
BRF:2
BRH:1
end_of_record
TN:
SF:src\middleware\errorHandler.js
FN:2,(anonymous_0)
FNF:1
FNH:1
FNDA:10,(anonymous_0)
DA:1,1
DA:2,1
DA:3,10
DA:4,10
DA:6,6
DA:10,6
DA:12,4
DA:16,4
DA:18,0
DA:22,1
LF:10
LH:9
BRDA:3,0,0,10
BRDA:3,0,1,0
BRDA:4,1,0,6
BRDA:4,1,1,4
BRDA:4,1,2,0
BRF:5
BRH:3
end_of_record
TN:
SF:src\model\contactModel.js
FNF:0
FNH:0
DA:1,3
DA:3,3
DA:25,3
LF:3
LH:3
BRF:0
BRH:0
end_of_record
TN:
SF:src\route\contactRoutes.js
FNF:0
FNH:0
DA:1,1
DA:2,1
DA:3,1
DA:4,1
DA:6,1
DA:9,1
DA:15,1
DA:21,1
LF:8
LH:8
BRF:0
BRH:0
end_of_record
TN:
SF:src\utilities\randomNumGenerate.js
FN:3,getRandomInt
FNF:1
FNH:1
FNDA:3,getRandomInt
DA:1,2
DA:4,3
DA:5,3
DA:6,3
DA:9,2
LF:5
LH:5
BRF:0
BRH:0
end_of_record
TN:
SF:src\validator\contactValidation.js
FN:4,validateId
FN:11,validateContactExistence
FN:18,validateRequestBodyNotEmpty
FN:25,validateContactWithIdExists
FN:32,validateNoContactsFound
FN:39,validateContactData
FNF:6
FNH:6
FNDA:13,validateId
FNDA:3,validateContactExistence
FNDA:8,validateRequestBodyNotEmpty
FNDA:6,validateContactWithIdExists
FNDA:3,validateNoContactsFound
FNDA:5,validateContactData
DA:1,2
DA:2,2
DA:5,13
DA:6,3
DA:7,3
DA:12,3
DA:13,1
DA:14,1
DA:19,8
DA:20,2
DA:21,2
DA:26,6
DA:27,2
DA:28,2
DA:33,3
DA:34,1
DA:35,1
DA:40,5
DA:42,5
DA:43,5
DA:44,3
DA:45,1
DA:47,2
DA:49,2
DA:50,4
DA:51,0
DA:56,5
DA:57,5
DA:58,0
DA:59,5
DA:60,1
DA:64,5
DA:65,5
DA:66,0
DA:67,5
DA:68,0
DA:72,5
DA:73,1
DA:74,1
DA:75,1
DA:79,2
LF:41
LH:37
BRDA:5,0,0,3
BRDA:5,0,1,10
BRDA:5,1,0,13
BRDA:5,1,1,13
BRDA:12,2,0,1
BRDA:12,2,1,2
BRDA:19,3,0,2
BRDA:19,3,1,6
BRDA:26,4,0,2
BRDA:26,4,1,4
BRDA:33,5,0,1
BRDA:33,5,1,2
BRDA:39,6,0,3
BRDA:43,7,0,3
BRDA:43,7,1,2
BRDA:43,8,0,5
BRDA:43,8,1,2
BRDA:43,8,2,2
BRDA:44,9,0,1
BRDA:44,9,1,2
BRDA:50,10,0,0
BRDA:50,10,1,4
BRDA:56,11,0,5
BRDA:56,11,1,0
BRDA:56,12,0,5
BRDA:56,12,1,2
BRDA:56,12,2,2
BRDA:57,13,0,0
BRDA:57,13,1,5
BRDA:59,14,0,1
BRDA:59,14,1,4
BRDA:64,15,0,5
BRDA:64,15,1,0
BRDA:64,16,0,5
BRDA:64,16,1,2
BRDA:64,16,2,2
BRDA:65,17,0,0
BRDA:65,17,1,5
BRDA:67,18,0,0
BRDA:67,18,1,5
BRDA:72,19,0,1
BRDA:72,19,1,4
BRF:42
BRH:36
end_of_record
